0 info it worked if it ends with ok
1 verbose cli [ 'C:\\Program Files\\nodejs\\node.exe',
1 verbose cli   'C:\\Program Files\\nodejs\\node_modules\\npm\\bin\\npm-cli.js',
1 verbose cli   'i' ]
2 info using npm@4.1.2
3 info using node@v7.7.0
4 silly loadCurrentTree Starting
5 silly install loadCurrentTree
6 silly install readLocalPackageData
7 silly install normalizeTree
8 silly loadCurrentTree Finishing
9 silly loadIdealTree Starting
10 silly install loadIdealTree
11 silly cloneCurrentTree Starting
12 silly install cloneCurrentTreeToIdealTree
13 silly cloneCurrentTree Finishing
14 silly loadShrinkwrap Starting
15 silly install loadShrinkwrap
16 silly loadShrinkwrap Finishing
17 silly loadAllDepsIntoIdealTree Starting
18 silly install loadAllDepsIntoIdealTree
19 silly fetchNamedPackageData chip-io
20 silly mapToRegistry name chip-io
21 silly mapToRegistry using default registry
22 silly mapToRegistry registry https://registry.npmjs.org/
23 silly mapToRegistry data Result {
23 silly mapToRegistry   raw: 'chip-io',
23 silly mapToRegistry   scope: null,
23 silly mapToRegistry   escapedName: 'chip-io',
23 silly mapToRegistry   name: 'chip-io',
23 silly mapToRegistry   rawSpec: '',
23 silly mapToRegistry   spec: 'latest',
23 silly mapToRegistry   type: 'tag' }
24 silly mapToRegistry uri https://registry.npmjs.org/chip-io
25 silly fetchNamedPackageData johnny-five
26 silly mapToRegistry name johnny-five
27 silly mapToRegistry using default registry
28 silly mapToRegistry registry https://registry.npmjs.org/
29 silly mapToRegistry data Result {
29 silly mapToRegistry   raw: 'johnny-five',
29 silly mapToRegistry   scope: null,
29 silly mapToRegistry   escapedName: 'johnny-five',
29 silly mapToRegistry   name: 'johnny-five',
29 silly mapToRegistry   rawSpec: '',
29 silly mapToRegistry   spec: 'latest',
29 silly mapToRegistry   type: 'tag' }
30 silly mapToRegistry uri https://registry.npmjs.org/johnny-five
31 silly fetchNamedPackageData moment
32 silly mapToRegistry name moment
33 silly mapToRegistry using default registry
34 silly mapToRegistry registry https://registry.npmjs.org/
35 silly mapToRegistry data Result {
35 silly mapToRegistry   raw: 'moment',
35 silly mapToRegistry   scope: null,
35 silly mapToRegistry   escapedName: 'moment',
35 silly mapToRegistry   name: 'moment',
35 silly mapToRegistry   rawSpec: '',
35 silly mapToRegistry   spec: 'latest',
35 silly mapToRegistry   type: 'tag' }
36 silly mapToRegistry uri https://registry.npmjs.org/moment
37 silly fetchNamedPackageData socket.io
38 silly mapToRegistry name socket.io
39 silly mapToRegistry using default registry
40 silly mapToRegistry registry https://registry.npmjs.org/
41 silly mapToRegistry data Result {
41 silly mapToRegistry   raw: 'socket.io',
41 silly mapToRegistry   scope: null,
41 silly mapToRegistry   escapedName: 'socket.io',
41 silly mapToRegistry   name: 'socket.io',
41 silly mapToRegistry   rawSpec: '',
41 silly mapToRegistry   spec: 'latest',
41 silly mapToRegistry   type: 'tag' }
42 silly mapToRegistry uri https://registry.npmjs.org/socket.io
43 verbose request uri https://registry.npmjs.org/chip-io
44 verbose request no auth needed
45 info attempt registry request try #1 at 1:08:49 AM
46 verbose request id fee15ade09d55003
47 verbose etag W/"5887f067-4996"
48 verbose lastModified Wed, 25 Jan 2017 00:25:11 GMT
49 http request GET https://registry.npmjs.org/chip-io
50 verbose request uri https://registry.npmjs.org/moment
51 verbose request no auth needed
52 info attempt registry request try #1 at 1:08:49 AM
53 verbose etag W/"58b638d7-1a498"
54 verbose lastModified Wed, 01 Mar 2017 02:58:31 GMT
55 http request GET https://registry.npmjs.org/moment
56 verbose request uri https://registry.npmjs.org/socket.io
57 verbose request no auth needed
58 info attempt registry request try #1 at 1:08:49 AM
59 verbose etag W/"58b68b09-24b7e"
60 verbose lastModified Wed, 01 Mar 2017 08:49:13 GMT
61 http request GET https://registry.npmjs.org/socket.io
62 verbose request uri https://registry.npmjs.org/johnny-five
63 verbose request no auth needed
64 info attempt registry request try #1 at 1:08:49 AM
65 verbose etag W/"58aae201-18cfdb"
66 verbose lastModified Mon, 20 Feb 2017 12:33:05 GMT
67 http request GET https://registry.npmjs.org/johnny-five
68 http 304 https://registry.npmjs.org/moment
69 verbose headers { date: 'Thu, 02 Mar 2017 01:08:51 GMT',
69 verbose headers   via: '1.1 varnish',
69 verbose headers   'cache-control': 'max-age=300',
69 verbose headers   etag: 'W/"58b638d7-1a498"',
69 verbose headers   age: '170',
69 verbose headers   connection: 'keep-alive',
69 verbose headers   'x-served-by': 'cache-lcy1136-LCY',
69 verbose headers   'x-cache': 'HIT',
69 verbose headers   'x-cache-hits': '3',
69 verbose headers   'x-timer': 'S1488416931.764876,VS0,VE0',
69 verbose headers   vary: 'Accept-Encoding' }
70 silly get cb [ 304,
70 silly get   { date: 'Thu, 02 Mar 2017 01:08:51 GMT',
70 silly get     via: '1.1 varnish',
70 silly get     'cache-control': 'max-age=300',
70 silly get     etag: 'W/"58b638d7-1a498"',
70 silly get     age: '170',
70 silly get     connection: 'keep-alive',
70 silly get     'x-served-by': 'cache-lcy1136-LCY',
70 silly get     'x-cache': 'HIT',
70 silly get     'x-cache-hits': '3',
70 silly get     'x-timer': 'S1488416931.764876,VS0,VE0',
70 silly get     vary: 'Accept-Encoding' } ]
71 verbose etag https://registry.npmjs.org/moment from cache
72 verbose get saving moment to C:\Users\User\AppData\Roaming\npm-cache\registry.npmjs.org\moment\.cache.json
73 verbose correctMkdir C:\Users\User\AppData\Roaming\npm-cache correctMkdir not in flight; initializing
74 http 304 https://registry.npmjs.org/socket.io
75 verbose headers { date: 'Thu, 02 Mar 2017 01:08:51 GMT',
75 verbose headers   via: '1.1 varnish',
75 verbose headers   'cache-control': 'max-age=300',
75 verbose headers   etag: 'W/"58b68b09-24b7e"',
75 verbose headers   age: '233',
75 verbose headers   connection: 'keep-alive',
75 verbose headers   'x-served-by': 'cache-lcy1126-LCY',
75 verbose headers   'x-cache': 'HIT',
75 verbose headers   'x-cache-hits': '3',
75 verbose headers   'x-timer': 'S1488416931.773124,VS0,VE0',
75 verbose headers   vary: 'Accept-Encoding' }
76 silly get cb [ 304,
76 silly get   { date: 'Thu, 02 Mar 2017 01:08:51 GMT',
76 silly get     via: '1.1 varnish',
76 silly get     'cache-control': 'max-age=300',
76 silly get     etag: 'W/"58b68b09-24b7e"',
76 silly get     age: '233',
76 silly get     connection: 'keep-alive',
76 silly get     'x-served-by': 'cache-lcy1126-LCY',
76 silly get     'x-cache': 'HIT',
76 silly get     'x-cache-hits': '3',
76 silly get     'x-timer': 'S1488416931.773124,VS0,VE0',
76 silly get     vary: 'Accept-Encoding' } ]
77 verbose etag https://registry.npmjs.org/socket.io from cache
78 verbose get saving socket.io to C:\Users\User\AppData\Roaming\npm-cache\registry.npmjs.org\socket.io\.cache.json
79 verbose correctMkdir C:\Users\User\AppData\Roaming\npm-cache correctMkdir not in flight; initializing
80 silly pickManifestFromRegistryMetadata spec >=2.17.1 <3.0.0 tag latest versions [ '1.0.0',
80 silly pickManifestFromRegistryMetadata   '1.0.1',
80 silly pickManifestFromRegistryMetadata   '1.1.0',
80 silly pickManifestFromRegistryMetadata   '1.1.1',
80 silly pickManifestFromRegistryMetadata   '1.2.0',
80 silly pickManifestFromRegistryMetadata   '1.3.0',
80 silly pickManifestFromRegistryMetadata   '1.4.0',
80 silly pickManifestFromRegistryMetadata   '1.5.0',
80 silly pickManifestFromRegistryMetadata   '1.5.1',
80 silly pickManifestFromRegistryMetadata   '1.6.0',
80 silly pickManifestFromRegistryMetadata   '1.6.1',
80 silly pickManifestFromRegistryMetadata   '1.6.2',
80 silly pickManifestFromRegistryMetadata   '1.7.0',
80 silly pickManifestFromRegistryMetadata   '1.7.1',
80 silly pickManifestFromRegistryMetadata   '1.7.2',
80 silly pickManifestFromRegistryMetadata   '2.0.0',
80 silly pickManifestFromRegistryMetadata   '2.1.0',
80 silly pickManifestFromRegistryMetadata   '2.2.1',
80 silly pickManifestFromRegistryMetadata   '2.3.0',
80 silly pickManifestFromRegistryMetadata   '2.3.1',
80 silly pickManifestFromRegistryMetadata   '2.4.0',
80 silly pickManifestFromRegistryMetadata   '2.5.0',
80 silly pickManifestFromRegistryMetadata   '2.5.1',
80 silly pickManifestFromRegistryMetadata   '2.6.0',
80 silly pickManifestFromRegistryMetadata   '2.7.0',
80 silly pickManifestFromRegistryMetadata   '2.8.1',
80 silly pickManifestFromRegistryMetadata   '2.8.2',
80 silly pickManifestFromRegistryMetadata   '2.8.3',
80 silly pickManifestFromRegistryMetadata   '2.8.4',
80 silly pickManifestFromRegistryMetadata   '2.9.0',
80 silly pickManifestFromRegistryMetadata   '2.10.2',
80 silly pickManifestFromRegistryMetadata   '2.10.3',
80 silly pickManifestFromRegistryMetadata   '2.10.5',
80 silly pickManifestFromRegistryMetadata   '2.10.6',
80 silly pickManifestFromRegistryMetadata   '2.11.0',
80 silly pickManifestFromRegistryMetadata   '2.11.1',
80 silly pickManifestFromRegistryMetadata   '2.11.2',
80 silly pickManifestFromRegistryMetadata   '2.12.0',
80 silly pickManifestFromRegistryMetadata   '2.13.0',
80 silly pickManifestFromRegistryMetadata   '2.14.0',
80 silly pickManifestFromRegistryMetadata   '2.14.1',
80 silly pickManifestFromRegistryMetadata   '2.15.0',
80 silly pickManifestFromRegistryMetadata   '2.15.1',
80 silly pickManifestFromRegistryMetadata   '2.15.2',
80 silly pickManifestFromRegistryMetadata   '2.16.0',
80 silly pickManifestFromRegistryMetadata   '2.17.0',
80 silly pickManifestFromRegistryMetadata   '2.17.1' ]
81 silly resolveWithNewModule moment@2.17.1 checking installable status
82 silly cache add args [ 'moment@^2.17.1', null ]
83 verbose cache add spec moment@^2.17.1
84 silly cache add parsed spec Result {
84 silly cache add   raw: 'moment@^2.17.1',
84 silly cache add   scope: null,
84 silly cache add   escapedName: 'moment',
84 silly cache add   name: 'moment',
84 silly cache add   rawSpec: '^2.17.1',
84 silly cache add   spec: '>=2.17.1 <3.0.0',
84 silly cache add   type: 'range' }
85 silly addNamed moment@>=2.17.1 <3.0.0
86 verbose addNamed ">=2.17.1 <3.0.0" is a valid semver range for moment
87 silly addNameRange { name: 'moment', range: '>=2.17.1 <3.0.0', hasData: false }
88 silly mapToRegistry name moment
89 silly mapToRegistry using default registry
90 silly mapToRegistry registry https://registry.npmjs.org/
91 silly mapToRegistry data Result {
91 silly mapToRegistry   raw: 'moment',
91 silly mapToRegistry   scope: null,
91 silly mapToRegistry   escapedName: 'moment',
91 silly mapToRegistry   name: 'moment',
91 silly mapToRegistry   rawSpec: '',
91 silly mapToRegistry   spec: 'latest',
91 silly mapToRegistry   type: 'tag' }
92 silly mapToRegistry uri https://registry.npmjs.org/moment
93 verbose addNameRange registry:https://registry.npmjs.org/moment not in flight; fetching
94 silly pickManifestFromRegistryMetadata spec >=1.7.3 <2.0.0 tag latest versions [ '0.3.8',
94 silly pickManifestFromRegistryMetadata   '0.4.0',
94 silly pickManifestFromRegistryMetadata   '0.4.1',
94 silly pickManifestFromRegistryMetadata   '0.5.1',
94 silly pickManifestFromRegistryMetadata   '0.5.3',
94 silly pickManifestFromRegistryMetadata   '0.6.0',
94 silly pickManifestFromRegistryMetadata   '0.6.1',
94 silly pickManifestFromRegistryMetadata   '0.6.3',
94 silly pickManifestFromRegistryMetadata   '0.6.4',
94 silly pickManifestFromRegistryMetadata   '0.6.5',
94 silly pickManifestFromRegistryMetadata   '0.6.6',
94 silly pickManifestFromRegistryMetadata   '0.6.7',
94 silly pickManifestFromRegistryMetadata   '0.6.8',
94 silly pickManifestFromRegistryMetadata   '0.6.9',
94 silly pickManifestFromRegistryMetadata   '0.6.10',
94 silly pickManifestFromRegistryMetadata   '0.6.11',
94 silly pickManifestFromRegistryMetadata   '0.6.12',
94 silly pickManifestFromRegistryMetadata   '0.6.14',
94 silly pickManifestFromRegistryMetadata   '0.6.15',
94 silly pickManifestFromRegistryMetadata   '0.6.16',
94 silly pickManifestFromRegistryMetadata   '0.6.17',
94 silly pickManifestFromRegistryMetadata   '0.6.18',
94 silly pickManifestFromRegistryMetadata   '0.7.0',
94 silly pickManifestFromRegistryMetadata   '0.7.1',
94 silly pickManifestFromRegistryMetadata   '0.7.2',
94 silly pickManifestFromRegistryMetadata   '0.7.3',
94 silly pickManifestFromRegistryMetadata   '0.7.4',
94 silly pickManifestFromRegistryMetadata   '0.7.5',
94 silly pickManifestFromRegistryMetadata   '0.7.6',
94 silly pickManifestFromRegistryMetadata   '0.7.7',
94 silly pickManifestFromRegistryMetadata   '0.7.8',
94 silly pickManifestFromRegistryMetadata   '0.7.9',
94 silly pickManifestFromRegistryMetadata   '0.7.10',
94 silly pickManifestFromRegistryMetadata   '0.7.11',
94 silly pickManifestFromRegistryMetadata   '0.8.0',
94 silly pickManifestFromRegistryMetadata   '0.8.1',
94 silly pickManifestFromRegistryMetadata   '0.8.2',
94 silly pickManifestFromRegistryMetadata   '0.8.3',
94 silly pickManifestFromRegistryMetadata   '0.8.4',
94 silly pickManifestFromRegistryMetadata   '0.8.5',
94 silly pickManifestFromRegistryMetadata   '0.8.6',
94 silly pickManifestFromRegistryMetadata   '0.8.7',
94 silly pickManifestFromRegistryMetadata   '0.9.0',
94 silly pickManifestFromRegistryMetadata   '0.9.1',
94 silly pickManifestFromRegistryMetadata   '0.9.1-1',
94 silly pickManifestFromRegistryMetadata   '0.9.2',
94 silly pickManifestFromRegistryMetadata   '0.9.3',
94 silly pickManifestFromRegistryMetadata   '0.9.4',
94 silly pickManifestFromRegistryMetadata   '0.9.5',
94 silly pickManifestFromRegistryMetadata   '0.9.6',
94 silly pickManifestFromRegistryMetadata   '0.9.7',
94 silly pickManifestFromRegistryMetadata   '0.9.8',
94 silly pickManifestFromRegistryMetadata   '0.9.9',
94 silly pickManifestFromRegistryMetadata   '0.9.10',
94 silly pickManifestFromRegistryMetadata   '0.9.11',
94 silly pickManifestFromRegistryMetadata   '0.9.12',
94 silly pickManifestFromRegistryMetadata   '0.9.13',
94 silly pickManifestFromRegistryMetadata   '0.9.14',
94 silly pickManifestFromRegistryMetadata   '0.9.15',
94 silly pickManifestFromRegistryMetadata   '0.9.16',
94 silly pickManifestFromRegistryMetadata   '1.0.0-pre',
94 silly pickManifestFromRegistryMetadata   '1.0.0-pre2',
94 silly pickManifestFromRegistryMetadata   '1.0.0-pre3',
94 silly pickManifestFromRegistryMetadata   '1.0.0-pre4',
94 silly pickManifestFromRegistryMetadata   '1.0.0-pre5',
94 silly pickManifestFromRegistryMetadata   '0.9.17',
94 silly pickManifestFromRegistryMetadata   '1.0.0',
94 silly pickManifestFromRegistryMetadata   '1.0.1',
94 silly pickManifestFromRegistryMetadata   '1.0.2',
94 silly pickManifestFromRegistryMetadata   '1.0.3',
94 silly pickManifestFromRegistryMetadata   '1.0.4',
94 silly pickManifestFromRegistryMetadata   '1.0.5',
94 silly pickManifestFromRegistryMetadata   '1.0.6',
94 silly pickManifestFromRegistryMetadata   '1.1.0',
94 silly pickManifestFromRegistryMetadata   '1.2.0',
94 silly pickManifestFromRegistryMetadata   '1.2.1',
94 silly pickManifestFromRegistryMetadata   '1.3.0',
94 silly pickManifestFromRegistryMetadata   '1.3.1',
94 silly pickManifestFromRegistryMetadata   '1.3.2',
94 silly pickManifestFromRegistryMetadata   '1.3.3',
94 silly pickManifestFromRegistryMetadata   '1.3.4',
94 silly pickManifestFromRegistryMetadata   '1.3.5',
94 silly pickManifestFromRegistryMetadata   '1.3.6',
94 silly pickManifestFromRegistryMetadata   '1.3.7',
94 silly pickManifestFromRegistryMetadata   '1.4.0',
94 silly pickManifestFromRegistryMetadata   '1.4.1',
94 silly pickManifestFromRegistryMetadata   '1.4.2',
94 silly pickManifestFromRegistryMetadata   '1.4.3',
94 silly pickManifestFromRegistryMetadata   '1.4.4',
94 silly pickManifestFromRegistryMetadata   '1.4.5',
94 silly pickManifestFromRegistryMetadata   '1.4.6',
94 silly pickManifestFromRegistryMetadata   '1.4.7',
94 silly pickManifestFromRegistryMetadata   '1.4.8',
94 silly pickManifestFromRegistryMetadata   '1.5.0',
94 silly pickManifestFromRegistryMetadata   '1.5.1',
94 silly pickManifestFromRegistryMetadata   '1.6.0',
94 silly pickManifestFromRegistryMetadata   '1.7.0',
94 silly pickManifestFromRegistryMetadata   '1.7.1',
94 silly pickManifestFromRegistryMetadata   '1.7.2',
94 silly pickManifestFromRegistryMetadata   '1.7.3' ]
95 silly resolveWithNewModule socket.io@1.7.3 checking installable status
96 silly cache add args [ 'socket.io@^1.7.3', null ]
97 verbose cache add spec socket.io@^1.7.3
98 silly cache add parsed spec Result {
98 silly cache add   raw: 'socket.io@^1.7.3',
98 silly cache add   scope: null,
98 silly cache add   escapedName: 'socket.io',
98 silly cache add   name: 'socket.io',
98 silly cache add   rawSpec: '^1.7.3',
98 silly cache add   spec: '>=1.7.3 <2.0.0',
98 silly cache add   type: 'range' }
99 silly addNamed socket.io@>=1.7.3 <2.0.0
100 verbose addNamed ">=1.7.3 <2.0.0" is a valid semver range for socket.io
101 silly addNameRange { name: 'socket.io', range: '>=1.7.3 <2.0.0', hasData: false }
102 silly mapToRegistry name socket.io
103 silly mapToRegistry using default registry
104 silly mapToRegistry registry https://registry.npmjs.org/
105 silly mapToRegistry data Result {
105 silly mapToRegistry   raw: 'socket.io',
105 silly mapToRegistry   scope: null,
105 silly mapToRegistry   escapedName: 'socket.io',
105 silly mapToRegistry   name: 'socket.io',
105 silly mapToRegistry   rawSpec: '',
105 silly mapToRegistry   spec: 'latest',
105 silly mapToRegistry   type: 'tag' }
106 silly mapToRegistry uri https://registry.npmjs.org/socket.io
107 verbose addNameRange registry:https://registry.npmjs.org/socket.io not in flight; fetching
108 verbose get https://registry.npmjs.org/moment not expired, no request
109 silly addNameRange number 2 { name: 'moment', range: '>=2.17.1 <3.0.0', hasData: true }
110 silly addNameRange versions [ 'moment',
110 silly addNameRange   [ '1.0.0',
110 silly addNameRange     '1.0.1',
110 silly addNameRange     '1.1.0',
110 silly addNameRange     '1.1.1',
110 silly addNameRange     '1.2.0',
110 silly addNameRange     '1.3.0',
110 silly addNameRange     '1.4.0',
110 silly addNameRange     '1.5.0',
110 silly addNameRange     '1.5.1',
110 silly addNameRange     '1.6.0',
110 silly addNameRange     '1.6.1',
110 silly addNameRange     '1.6.2',
110 silly addNameRange     '1.7.0',
110 silly addNameRange     '1.7.1',
110 silly addNameRange     '1.7.2',
110 silly addNameRange     '2.0.0',
110 silly addNameRange     '2.1.0',
110 silly addNameRange     '2.2.1',
110 silly addNameRange     '2.3.0',
110 silly addNameRange     '2.3.1',
110 silly addNameRange     '2.4.0',
110 silly addNameRange     '2.5.0',
110 silly addNameRange     '2.5.1',
110 silly addNameRange     '2.6.0',
110 silly addNameRange     '2.7.0',
110 silly addNameRange     '2.8.1',
110 silly addNameRange     '2.8.2',
110 silly addNameRange     '2.8.3',
110 silly addNameRange     '2.8.4',
110 silly addNameRange     '2.9.0',
110 silly addNameRange     '2.10.2',
110 silly addNameRange     '2.10.3',
110 silly addNameRange     '2.10.5',
110 silly addNameRange     '2.10.6',
110 silly addNameRange     '2.11.0',
110 silly addNameRange     '2.11.1',
110 silly addNameRange     '2.11.2',
110 silly addNameRange     '2.12.0',
110 silly addNameRange     '2.13.0',
110 silly addNameRange     '2.14.0',
110 silly addNameRange     '2.14.1',
110 silly addNameRange     '2.15.0',
110 silly addNameRange     '2.15.1',
110 silly addNameRange     '2.15.2',
110 silly addNameRange     '2.16.0',
110 silly addNameRange     '2.17.0',
110 silly addNameRange     '2.17.1' ] ]
111 silly pickManifestFromRegistryMetadata spec >=2.17.1 <3.0.0 tag latest versions [ '1.0.0',
111 silly pickManifestFromRegistryMetadata   '1.0.1',
111 silly pickManifestFromRegistryMetadata   '1.1.0',
111 silly pickManifestFromRegistryMetadata   '1.1.1',
111 silly pickManifestFromRegistryMetadata   '1.2.0',
111 silly pickManifestFromRegistryMetadata   '1.3.0',
111 silly pickManifestFromRegistryMetadata   '1.4.0',
111 silly pickManifestFromRegistryMetadata   '1.5.0',
111 silly pickManifestFromRegistryMetadata   '1.5.1',
111 silly pickManifestFromRegistryMetadata   '1.6.0',
111 silly pickManifestFromRegistryMetadata   '1.6.1',
111 silly pickManifestFromRegistryMetadata   '1.6.2',
111 silly pickManifestFromRegistryMetadata   '1.7.0',
111 silly pickManifestFromRegistryMetadata   '1.7.1',
111 silly pickManifestFromRegistryMetadata   '1.7.2',
111 silly pickManifestFromRegistryMetadata   '2.0.0',
111 silly pickManifestFromRegistryMetadata   '2.1.0',
111 silly pickManifestFromRegistryMetadata   '2.2.1',
111 silly pickManifestFromRegistryMetadata   '2.3.0',
111 silly pickManifestFromRegistryMetadata   '2.3.1',
111 silly pickManifestFromRegistryMetadata   '2.4.0',
111 silly pickManifestFromRegistryMetadata   '2.5.0',
111 silly pickManifestFromRegistryMetadata   '2.5.1',
111 silly pickManifestFromRegistryMetadata   '2.6.0',
111 silly pickManifestFromRegistryMetadata   '2.7.0',
111 silly pickManifestFromRegistryMetadata   '2.8.1',
111 silly pickManifestFromRegistryMetadata   '2.8.2',
111 silly pickManifestFromRegistryMetadata   '2.8.3',
111 silly pickManifestFromRegistryMetadata   '2.8.4',
111 silly pickManifestFromRegistryMetadata   '2.9.0',
111 silly pickManifestFromRegistryMetadata   '2.10.2',
111 silly pickManifestFromRegistryMetadata   '2.10.3',
111 silly pickManifestFromRegistryMetadata   '2.10.5',
111 silly pickManifestFromRegistryMetadata   '2.10.6',
111 silly pickManifestFromRegistryMetadata   '2.11.0',
111 silly pickManifestFromRegistryMetadata   '2.11.1',
111 silly pickManifestFromRegistryMetadata   '2.11.2',
111 silly pickManifestFromRegistryMetadata   '2.12.0',
111 silly pickManifestFromRegistryMetadata   '2.13.0',
111 silly pickManifestFromRegistryMetadata   '2.14.0',
111 silly pickManifestFromRegistryMetadata   '2.14.1',
111 silly pickManifestFromRegistryMetadata   '2.15.0',
111 silly pickManifestFromRegistryMetadata   '2.15.1',
111 silly pickManifestFromRegistryMetadata   '2.15.2',
111 silly pickManifestFromRegistryMetadata   '2.16.0',
111 silly pickManifestFromRegistryMetadata   '2.17.0',
111 silly pickManifestFromRegistryMetadata   '2.17.1' ]
112 silly addNamed moment@latest
113 verbose addNamed "latest" is being treated as a dist-tag for moment
114 info addNameTag [ 'moment', 'latest' ]
115 silly mapToRegistry name moment
116 silly mapToRegistry using default registry
117 silly mapToRegistry registry https://registry.npmjs.org/
118 silly mapToRegistry data Result {
118 silly mapToRegistry   raw: 'moment',
118 silly mapToRegistry   scope: null,
118 silly mapToRegistry   escapedName: 'moment',
118 silly mapToRegistry   name: 'moment',
118 silly mapToRegistry   rawSpec: '',
118 silly mapToRegistry   spec: 'latest',
118 silly mapToRegistry   type: 'tag' }
119 silly mapToRegistry uri https://registry.npmjs.org/moment
120 verbose addNameTag registry:https://registry.npmjs.org/moment already in flight; waiting
121 silly addNameTag next cb for moment with tag latest
122 silly addNamed moment@2.17.1
123 verbose addNamed "2.17.1" is a plain semver version for moment
124 verbose get https://registry.npmjs.org/socket.io not expired, no request
125 silly addNameRange number 2 { name: 'socket.io', range: '>=1.7.3 <2.0.0', hasData: true }
126 silly addNameRange versions [ 'socket.io',
126 silly addNameRange   [ '0.3.8',
126 silly addNameRange     '0.4.0',
126 silly addNameRange     '0.4.1',
126 silly addNameRange     '0.5.1',
126 silly addNameRange     '0.5.3',
126 silly addNameRange     '0.6.0',
126 silly addNameRange     '0.6.1',
126 silly addNameRange     '0.6.3',
126 silly addNameRange     '0.6.4',
126 silly addNameRange     '0.6.5',
126 silly addNameRange     '0.6.6',
126 silly addNameRange     '0.6.7',
126 silly addNameRange     '0.6.8',
126 silly addNameRange     '0.6.9',
126 silly addNameRange     '0.6.10',
126 silly addNameRange     '0.6.11',
126 silly addNameRange     '0.6.12',
126 silly addNameRange     '0.6.14',
126 silly addNameRange     '0.6.15',
126 silly addNameRange     '0.6.16',
126 silly addNameRange     '0.6.17',
126 silly addNameRange     '0.6.18',
126 silly addNameRange     '0.7.0',
126 silly addNameRange     '0.7.1',
126 silly addNameRange     '0.7.2',
126 silly addNameRange     '0.7.3',
126 silly addNameRange     '0.7.4',
126 silly addNameRange     '0.7.5',
126 silly addNameRange     '0.7.6',
126 silly addNameRange     '0.7.7',
126 silly addNameRange     '0.7.8',
126 silly addNameRange     '0.7.9',
126 silly addNameRange     '0.7.10',
126 silly addNameRange     '0.7.11',
126 silly addNameRange     '0.8.0',
126 silly addNameRange     '0.8.1',
126 silly addNameRange     '0.8.2',
126 silly addNameRange     '0.8.3',
126 silly addNameRange     '0.8.4',
126 silly addNameRange     '0.8.5',
126 silly addNameRange     '0.8.6',
126 silly addNameRange     '0.8.7',
126 silly addNameRange     '0.9.0',
126 silly addNameRange     '0.9.1',
126 silly addNameRange     '0.9.1-1',
126 silly addNameRange     '0.9.2',
126 silly addNameRange     '0.9.3',
126 silly addNameRange     '0.9.4',
126 silly addNameRange     '0.9.5',
126 silly addNameRange     '0.9.6',
126 silly addNameRange     '0.9.7',
126 silly addNameRange     '0.9.8',
126 silly addNameRange     '0.9.9',
126 silly addNameRange     '0.9.10',
126 silly addNameRange     '0.9.11',
126 silly addNameRange     '0.9.12',
126 silly addNameRange     '0.9.13',
126 silly addNameRange     '0.9.14',
126 silly addNameRange     '0.9.15',
126 silly addNameRange     '0.9.16',
126 silly addNameRange     '1.0.0-pre',
126 silly addNameRange     '1.0.0-pre2',
126 silly addNameRange     '1.0.0-pre3',
126 silly addNameRange     '1.0.0-pre4',
126 silly addNameRange     '1.0.0-pre5',
126 silly addNameRange     '0.9.17',
126 silly addNameRange     '1.0.0',
126 silly addNameRange     '1.0.1',
126 silly addNameRange     '1.0.2',
126 silly addNameRange     '1.0.3',
126 silly addNameRange     '1.0.4',
126 silly addNameRange     '1.0.5',
126 silly addNameRange     '1.0.6',
126 silly addNameRange     '1.1.0',
126 silly addNameRange     '1.2.0',
126 silly addNameRange     '1.2.1',
126 silly addNameRange     '1.3.0',
126 silly addNameRange     '1.3.1',
126 silly addNameRange     '1.3.2',
126 silly addNameRange     '1.3.3',
126 silly addNameRange     '1.3.4',
126 silly addNameRange     '1.3.5',
126 silly addNameRange     '1.3.6',
126 silly addNameRange     '1.3.7',
126 silly addNameRange     '1.4.0',
126 silly addNameRange     '1.4.1',
126 silly addNameRange     '1.4.2',
126 silly addNameRange     '1.4.3',
126 silly addNameRange     '1.4.4',
126 silly addNameRange     '1.4.5',
126 silly addNameRange     '1.4.6',
126 silly addNameRange     '1.4.7',
126 silly addNameRange     '1.4.8',
126 silly addNameRange     '1.5.0',
126 silly addNameRange     '1.5.1',
126 silly addNameRange     '1.6.0',
126 silly addNameRange     '1.7.0',
126 silly addNameRange     '1.7.1',
126 silly addNameRange     '1.7.2',
126 silly addNameRange     '1.7.3' ] ]
127 silly pickManifestFromRegistryMetadata spec >=1.7.3 <2.0.0 tag latest versions [ '0.3.8',
127 silly pickManifestFromRegistryMetadata   '0.4.0',
127 silly pickManifestFromRegistryMetadata   '0.4.1',
127 silly pickManifestFromRegistryMetadata   '0.5.1',
127 silly pickManifestFromRegistryMetadata   '0.5.3',
127 silly pickManifestFromRegistryMetadata   '0.6.0',
127 silly pickManifestFromRegistryMetadata   '0.6.1',
127 silly pickManifestFromRegistryMetadata   '0.6.3',
127 silly pickManifestFromRegistryMetadata   '0.6.4',
127 silly pickManifestFromRegistryMetadata   '0.6.5',
127 silly pickManifestFromRegistryMetadata   '0.6.6',
127 silly pickManifestFromRegistryMetadata   '0.6.7',
127 silly pickManifestFromRegistryMetadata   '0.6.8',
127 silly pickManifestFromRegistryMetadata   '0.6.9',
127 silly pickManifestFromRegistryMetadata   '0.6.10',
127 silly pickManifestFromRegistryMetadata   '0.6.11',
127 silly pickManifestFromRegistryMetadata   '0.6.12',
127 silly pickManifestFromRegistryMetadata   '0.6.14',
127 silly pickManifestFromRegistryMetadata   '0.6.15',
127 silly pickManifestFromRegistryMetadata   '0.6.16',
127 silly pickManifestFromRegistryMetadata   '0.6.17',
127 silly pickManifestFromRegistryMetadata   '0.6.18',
127 silly pickManifestFromRegistryMetadata   '0.7.0',
127 silly pickManifestFromRegistryMetadata   '0.7.1',
127 silly pickManifestFromRegistryMetadata   '0.7.2',
127 silly pickManifestFromRegistryMetadata   '0.7.3',
127 silly pickManifestFromRegistryMetadata   '0.7.4',
127 silly pickManifestFromRegistryMetadata   '0.7.5',
127 silly pickManifestFromRegistryMetadata   '0.7.6',
127 silly pickManifestFromRegistryMetadata   '0.7.7',
127 silly pickManifestFromRegistryMetadata   '0.7.8',
127 silly pickManifestFromRegistryMetadata   '0.7.9',
127 silly pickManifestFromRegistryMetadata   '0.7.10',
127 silly pickManifestFromRegistryMetadata   '0.7.11',
127 silly pickManifestFromRegistryMetadata   '0.8.0',
127 silly pickManifestFromRegistryMetadata   '0.8.1',
127 silly pickManifestFromRegistryMetadata   '0.8.2',
127 silly pickManifestFromRegistryMetadata   '0.8.3',
127 silly pickManifestFromRegistryMetadata   '0.8.4',
127 silly pickManifestFromRegistryMetadata   '0.8.5',
127 silly pickManifestFromRegistryMetadata   '0.8.6',
127 silly pickManifestFromRegistryMetadata   '0.8.7',
127 silly pickManifestFromRegistryMetadata   '0.9.0',
127 silly pickManifestFromRegistryMetadata   '0.9.1',
127 silly pickManifestFromRegistryMetadata   '0.9.1-1',
127 silly pickManifestFromRegistryMetadata   '0.9.2',
127 silly pickManifestFromRegistryMetadata   '0.9.3',
127 silly pickManifestFromRegistryMetadata   '0.9.4',
127 silly pickManifestFromRegistryMetadata   '0.9.5',
127 silly pickManifestFromRegistryMetadata   '0.9.6',
127 silly pickManifestFromRegistryMetadata   '0.9.7',
127 silly pickManifestFromRegistryMetadata   '0.9.8',
127 silly pickManifestFromRegistryMetadata   '0.9.9',
127 silly pickManifestFromRegistryMetadata   '0.9.10',
127 silly pickManifestFromRegistryMetadata   '0.9.11',
127 silly pickManifestFromRegistryMetadata   '0.9.12',
127 silly pickManifestFromRegistryMetadata   '0.9.13',
127 silly pickManifestFromRegistryMetadata   '0.9.14',
127 silly pickManifestFromRegistryMetadata   '0.9.15',
127 silly pickManifestFromRegistryMetadata   '0.9.16',
127 silly pickManifestFromRegistryMetadata   '1.0.0-pre',
127 silly pickManifestFromRegistryMetadata   '1.0.0-pre2',
127 silly pickManifestFromRegistryMetadata   '1.0.0-pre3',
127 silly pickManifestFromRegistryMetadata   '1.0.0-pre4',
127 silly pickManifestFromRegistryMetadata   '1.0.0-pre5',
127 silly pickManifestFromRegistryMetadata   '0.9.17',
127 silly pickManifestFromRegistryMetadata   '1.0.0',
127 silly pickManifestFromRegistryMetadata   '1.0.1',
127 silly pickManifestFromRegistryMetadata   '1.0.2',
127 silly pickManifestFromRegistryMetadata   '1.0.3',
127 silly pickManifestFromRegistryMetadata   '1.0.4',
127 silly pickManifestFromRegistryMetadata   '1.0.5',
127 silly pickManifestFromRegistryMetadata   '1.0.6',
127 silly pickManifestFromRegistryMetadata   '1.1.0',
127 silly pickManifestFromRegistryMetadata   '1.2.0',
127 silly pickManifestFromRegistryMetadata   '1.2.1',
127 silly pickManifestFromRegistryMetadata   '1.3.0',
127 silly pickManifestFromRegistryMetadata   '1.3.1',
127 silly pickManifestFromRegistryMetadata   '1.3.2',
127 silly pickManifestFromRegistryMetadata   '1.3.3',
127 silly pickManifestFromRegistryMetadata   '1.3.4',
127 silly pickManifestFromRegistryMetadata   '1.3.5',
127 silly pickManifestFromRegistryMetadata   '1.3.6',
127 silly pickManifestFromRegistryMetadata   '1.3.7',
127 silly pickManifestFromRegistryMetadata   '1.4.0',
127 silly pickManifestFromRegistryMetadata   '1.4.1',
127 silly pickManifestFromRegistryMetadata   '1.4.2',
127 silly pickManifestFromRegistryMetadata   '1.4.3',
127 silly pickManifestFromRegistryMetadata   '1.4.4',
127 silly pickManifestFromRegistryMetadata   '1.4.5',
127 silly pickManifestFromRegistryMetadata   '1.4.6',
127 silly pickManifestFromRegistryMetadata   '1.4.7',
127 silly pickManifestFromRegistryMetadata   '1.4.8',
127 silly pickManifestFromRegistryMetadata   '1.5.0',
127 silly pickManifestFromRegistryMetadata   '1.5.1',
127 silly pickManifestFromRegistryMetadata   '1.6.0',
127 silly pickManifestFromRegistryMetadata   '1.7.0',
127 silly pickManifestFromRegistryMetadata   '1.7.1',
127 silly pickManifestFromRegistryMetadata   '1.7.2',
127 silly pickManifestFromRegistryMetadata   '1.7.3' ]
128 silly addNamed socket.io@latest
129 verbose addNamed "latest" is being treated as a dist-tag for socket.io
130 info addNameTag [ 'socket.io', 'latest' ]
131 silly mapToRegistry name socket.io
132 silly mapToRegistry using default registry
133 silly mapToRegistry registry https://registry.npmjs.org/
134 silly mapToRegistry data Result {
134 silly mapToRegistry   raw: 'socket.io',
134 silly mapToRegistry   scope: null,
134 silly mapToRegistry   escapedName: 'socket.io',
134 silly mapToRegistry   name: 'socket.io',
134 silly mapToRegistry   rawSpec: '',
134 silly mapToRegistry   spec: 'latest',
134 silly mapToRegistry   type: 'tag' }
135 silly mapToRegistry uri https://registry.npmjs.org/socket.io
136 verbose addNameTag registry:https://registry.npmjs.org/socket.io already in flight; waiting
137 silly addNameTag next cb for socket.io with tag latest
138 silly addNamed socket.io@1.7.3
139 verbose addNamed "1.7.3" is a plain semver version for socket.io
140 silly cache afterAdd moment@2.17.1
141 verbose afterAdd C:\Users\User\AppData\Roaming\npm-cache\moment\2.17.1\package\package.json not in flight; writing
142 verbose correctMkdir C:\Users\User\AppData\Roaming\npm-cache correctMkdir not in flight; initializing
143 silly cache afterAdd socket.io@1.7.3
144 verbose afterAdd C:\Users\User\AppData\Roaming\npm-cache\socket.io\1.7.3\package\package.json not in flight; writing
145 verbose correctMkdir C:\Users\User\AppData\Roaming\npm-cache correctMkdir not in flight; initializing
146 verbose afterAdd C:\Users\User\AppData\Roaming\npm-cache\moment\2.17.1\package\package.json written
147 verbose afterAdd C:\Users\User\AppData\Roaming\npm-cache\socket.io\1.7.3\package\package.json written
148 http 304 https://registry.npmjs.org/johnny-five
149 verbose headers { date: 'Thu, 02 Mar 2017 01:08:51 GMT',
149 verbose headers   via: '1.1 varnish',
149 verbose headers   'cache-control': 'max-age=300',
149 verbose headers   etag: 'W/"58aae201-18cfdb"',
149 verbose headers   age: '0',
149 verbose headers   connection: 'keep-alive',
149 verbose headers   'x-served-by': 'cache-lcy1137-LCY',
149 verbose headers   'x-cache': 'MISS',
149 verbose headers   'x-cache-hits': '0',
149 verbose headers   'x-timer': 'S1488416931.778962,VS0,VE66',
149 verbose headers   vary: 'Accept-Encoding' }
150 silly get cb [ 304,
150 silly get   { date: 'Thu, 02 Mar 2017 01:08:51 GMT',
150 silly get     via: '1.1 varnish',
150 silly get     'cache-control': 'max-age=300',
150 silly get     etag: 'W/"58aae201-18cfdb"',
150 silly get     age: '0',
150 silly get     connection: 'keep-alive',
150 silly get     'x-served-by': 'cache-lcy1137-LCY',
150 silly get     'x-cache': 'MISS',
150 silly get     'x-cache-hits': '0',
150 silly get     'x-timer': 'S1488416931.778962,VS0,VE66',
150 silly get     vary: 'Accept-Encoding' } ]
151 verbose etag https://registry.npmjs.org/johnny-five from cache
152 verbose get saving johnny-five to C:\Users\User\AppData\Roaming\npm-cache\registry.npmjs.org\johnny-five\.cache.json
153 verbose correctMkdir C:\Users\User\AppData\Roaming\npm-cache correctMkdir not in flight; initializing
154 http 304 https://registry.npmjs.org/chip-io
155 verbose headers { date: 'Thu, 02 Mar 2017 01:08:51 GMT',
155 verbose headers   via: '1.1 varnish',
155 verbose headers   'cache-control': 'max-age=300',
155 verbose headers   etag: 'W/"5887f067-4996"',
155 verbose headers   age: '0',
155 verbose headers   connection: 'keep-alive',
155 verbose headers   'x-served-by': 'cache-lcy1130-LCY',
155 verbose headers   'x-cache': 'MISS',
155 verbose headers   'x-cache-hits': '0',
155 verbose headers   'x-timer': 'S1488416931.761012,VS0,VE84',
155 verbose headers   vary: 'Accept-Encoding' }
156 silly get cb [ 304,
156 silly get   { date: 'Thu, 02 Mar 2017 01:08:51 GMT',
156 silly get     via: '1.1 varnish',
156 silly get     'cache-control': 'max-age=300',
156 silly get     etag: 'W/"5887f067-4996"',
156 silly get     age: '0',
156 silly get     connection: 'keep-alive',
156 silly get     'x-served-by': 'cache-lcy1130-LCY',
156 silly get     'x-cache': 'MISS',
156 silly get     'x-cache-hits': '0',
156 silly get     'x-timer': 'S1488416931.761012,VS0,VE84',
156 silly get     vary: 'Accept-Encoding' } ]
157 verbose etag https://registry.npmjs.org/chip-io from cache
158 verbose get saving chip-io to C:\Users\User\AppData\Roaming\npm-cache\registry.npmjs.org\chip-io\.cache.json
159 verbose correctMkdir C:\Users\User\AppData\Roaming\npm-cache correctMkdir not in flight; initializing
160 silly pickManifestFromRegistryMetadata spec >=2.1.1 <3.0.0 tag latest versions [ '0.1.0',
160 silly pickManifestFromRegistryMetadata   '0.1.1',
160 silly pickManifestFromRegistryMetadata   '0.2.0',
160 silly pickManifestFromRegistryMetadata   '1.0.0',
160 silly pickManifestFromRegistryMetadata   '1.1.0',
160 silly pickManifestFromRegistryMetadata   '2.0.0',
160 silly pickManifestFromRegistryMetadata   '2.0.1',
160 silly pickManifestFromRegistryMetadata   '2.0.2',
160 silly pickManifestFromRegistryMetadata   '2.1.0',
160 silly pickManifestFromRegistryMetadata   '2.1.1' ]
161 silly resolveWithNewModule chip-io@2.1.1 checking installable status
162 silly pickManifestFromRegistryMetadata spec >=0.10.6 <0.11.0 tag latest versions [ '0.1.5',
162 silly pickManifestFromRegistryMetadata   '0.1.6',
162 silly pickManifestFromRegistryMetadata   '0.1.7',
162 silly pickManifestFromRegistryMetadata   '0.1.901',
162 silly pickManifestFromRegistryMetadata   '0.1.911',
162 silly pickManifestFromRegistryMetadata   '0.1.950',
162 silly pickManifestFromRegistryMetadata   '0.2.0',
162 silly pickManifestFromRegistryMetadata   '0.2.1',
162 silly pickManifestFromRegistryMetadata   '0.2.2',
162 silly pickManifestFromRegistryMetadata   '0.2.3',
162 silly pickManifestFromRegistryMetadata   '0.2.4',
162 silly pickManifestFromRegistryMetadata   '0.3.0',
162 silly pickManifestFromRegistryMetadata   '0.5.0',
162 silly pickManifestFromRegistryMetadata   '0.5.2',
162 silly pickManifestFromRegistryMetadata   '0.5.5',
162 silly pickManifestFromRegistryMetadata   '0.5.91',
162 silly pickManifestFromRegistryMetadata   '0.5.95',
162 silly pickManifestFromRegistryMetadata   '0.5.97',
162 silly pickManifestFromRegistryMetadata   '0.5.10',
162 silly pickManifestFromRegistryMetadata   '0.5.11',
162 silly pickManifestFromRegistryMetadata   '0.5.14',
162 silly pickManifestFromRegistryMetadata   '0.5.15',
162 silly pickManifestFromRegistryMetadata   '0.5.16',
162 silly pickManifestFromRegistryMetadata   '0.5.17',
162 silly pickManifestFromRegistryMetadata   '0.6.0',
162 silly pickManifestFromRegistryMetadata   '0.6.1',
162 silly pickManifestFromRegistryMetadata   '0.6.2',
162 silly pickManifestFromRegistryMetadata   '0.6.3',
162 silly pickManifestFromRegistryMetadata   '0.6.5',
162 silly pickManifestFromRegistryMetadata   '0.6.6',
162 silly pickManifestFromRegistryMetadata   '0.6.8',
162 silly pickManifestFromRegistryMetadata   '0.6.9',
162 silly pickManifestFromRegistryMetadata   '0.6.11',
162 silly pickManifestFromRegistryMetadata   '0.6.13',
162 silly pickManifestFromRegistryMetadata   '0.6.14',
162 silly pickManifestFromRegistryMetadata   '0.6.15',
162 silly pickManifestFromRegistryMetadata   '0.6.16',
162 silly pickManifestFromRegistryMetadata   '0.6.17',
162 silly pickManifestFromRegistryMetadata   '0.6.18',
162 silly pickManifestFromRegistryMetadata   '0.6.19',
162 silly pickManifestFromRegistryMetadata   '0.6.20',
162 silly pickManifestFromRegistryMetadata   '0.7.0',
162 silly pickManifestFromRegistryMetadata   '0.7.1',
162 silly pickManifestFromRegistryMetadata   '0.7.2',
162 silly pickManifestFromRegistryMetadata   '0.7.3',
162 silly pickManifestFromRegistryMetadata   '0.7.4',
162 silly pickManifestFromRegistryMetadata   '0.7.5',
162 silly pickManifestFromRegistryMetadata   '0.7.6',
162 silly pickManifestFromRegistryMetadata   '0.7.8',
162 silly pickManifestFromRegistryMetadata   '0.7.10',
162 silly pickManifestFromRegistryMetadata   '0.7.11',
162 silly pickManifestFromRegistryMetadata   '0.7.13',
162 silly pickManifestFromRegistryMetadata   '0.7.15',
162 silly pickManifestFromRegistryMetadata   '0.7.16',
162 silly pickManifestFromRegistryMetadata   '0.7.17',
162 silly pickManifestFromRegistryMetadata   '0.7.18',
162 silly pickManifestFromRegistryMetadata   '0.7.19',
162 silly pickManifestFromRegistryMetadata   '0.7.20',
162 silly pickManifestFromRegistryMetadata   '0.7.21',
162 silly pickManifestFromRegistryMetadata   '0.7.22',
162 silly pickManifestFromRegistryMetadata   '0.7.23',
162 silly pickManifestFromRegistryMetadata   '0.7.24',
162 silly pickManifestFromRegistryMetadata   '0.7.26',
162 silly pickManifestFromRegistryMetadata   '0.7.27',
162 silly pickManifestFromRegistryMetadata   '0.7.28',
162 silly pickManifestFromRegistryMetadata   '0.7.29',
162 silly pickManifestFromRegistryMetadata   '0.7.30',
162 silly pickManifestFromRegistryMetadata   '0.7.31',
162 silly pickManifestFromRegistryMetadata   '0.7.32',
162 silly pickManifestFromRegistryMetadata   '0.7.33',
162 silly pickManifestFromRegistryMetadata   '0.7.34',
162 silly pickManifestFromRegistryMetadata   '0.7.35',
162 silly pickManifestFromRegistryMetadata   '0.7.36',
162 silly pickManifestFromRegistryMetadata   '0.7.37',
162 silly pickManifestFromRegistryMetadata   '0.7.38',
162 silly pickManifestFromRegistryMetadata   '0.7.39',
162 silly pickManifestFromRegistryMetadata   '0.7.40',
162 silly pickManifestFromRegistryMetadata   '0.7.41',
162 silly pickManifestFromRegistryMetadata   '0.7.42',
162 silly pickManifestFromRegistryMetadata   '0.7.43',
162 silly pickManifestFromRegistryMetadata   '0.7.44',
162 silly pickManifestFromRegistryMetadata   '0.7.45',
162 silly pickManifestFromRegistryMetadata   '0.7.46',
162 silly pickManifestFromRegistryMetadata   '0.7.47',
162 silly pickManifestFromRegistryMetadata   '0.7.48',
162 silly pickManifestFromRegistryMetadata   '0.7.49',
162 silly pickManifestFromRegistryMetadata   '0.7.50',
162 silly pickManifestFromRegistryMetadata   '0.7.51',
162 silly pickManifestFromRegistryMetadata   '0.7.52',
162 silly pickManifestFromRegistryMetadata   '0.7.54',
162 silly pickManifestFromRegistryMetadata   '0.7.55',
162 silly pickManifestFromRegistryMetadata   '0.7.56',
162 silly pickManifestFromRegistryMetadata   '0.8.0',
162 silly pickManifestFromRegistryMetadata   '0.8.1',
162 silly pickManifestFromRegistryMetadata   '0.8.2',
162 silly pickManifestFromRegistryMetadata   '0.8.3',
162 silly pickManifestFromRegistryMetadata   '0.8.4',
162 silly pickManifestFromRegistryMetadata   '0.8.5',
162 silly pickManifestFromRegistryMetadata   '0.8.6',
162 silly pickManifestFromRegistryMetadata   '0.8.7',
162 silly pickManifestFromRegistryMetadata   ... 167 more items ]
163 silly resolveWithNewModule johnny-five@0.10.6 checking installable status
164 silly cache add args [ 'johnny-five@^0.10.6', null ]
165 verbose cache add spec johnny-five@^0.10.6
166 silly cache add parsed spec Result {
166 silly cache add   raw: 'johnny-five@^0.10.6',
166 silly cache add   scope: null,
166 silly cache add   escapedName: 'johnny-five',
166 silly cache add   name: 'johnny-five',
166 silly cache add   rawSpec: '^0.10.6',
166 silly cache add   spec: '>=0.10.6 <0.11.0',
166 silly cache add   type: 'range' }
167 silly addNamed johnny-five@>=0.10.6 <0.11.0
168 verbose addNamed ">=0.10.6 <0.11.0" is a valid semver range for johnny-five
169 silly addNameRange { name: 'johnny-five',
169 silly addNameRange   range: '>=0.10.6 <0.11.0',
169 silly addNameRange   hasData: false }
170 silly mapToRegistry name johnny-five
171 silly mapToRegistry using default registry
172 silly mapToRegistry registry https://registry.npmjs.org/
173 silly mapToRegistry data Result {
173 silly mapToRegistry   raw: 'johnny-five',
173 silly mapToRegistry   scope: null,
173 silly mapToRegistry   escapedName: 'johnny-five',
173 silly mapToRegistry   name: 'johnny-five',
173 silly mapToRegistry   rawSpec: '',
173 silly mapToRegistry   spec: 'latest',
173 silly mapToRegistry   type: 'tag' }
174 silly mapToRegistry uri https://registry.npmjs.org/johnny-five
175 verbose addNameRange registry:https://registry.npmjs.org/johnny-five not in flight; fetching
176 verbose get https://registry.npmjs.org/johnny-five not expired, no request
177 silly addNameRange number 2 { name: 'johnny-five', range: '>=0.10.6 <0.11.0', hasData: true }
178 silly addNameRange versions [ 'johnny-five',
178 silly addNameRange   [ '0.1.5',
178 silly addNameRange     '0.1.6',
178 silly addNameRange     '0.1.7',
178 silly addNameRange     '0.1.901',
178 silly addNameRange     '0.1.911',
178 silly addNameRange     '0.1.950',
178 silly addNameRange     '0.2.0',
178 silly addNameRange     '0.2.1',
178 silly addNameRange     '0.2.2',
178 silly addNameRange     '0.2.3',
178 silly addNameRange     '0.2.4',
178 silly addNameRange     '0.3.0',
178 silly addNameRange     '0.5.0',
178 silly addNameRange     '0.5.2',
178 silly addNameRange     '0.5.5',
178 silly addNameRange     '0.5.91',
178 silly addNameRange     '0.5.95',
178 silly addNameRange     '0.5.97',
178 silly addNameRange     '0.5.10',
178 silly addNameRange     '0.5.11',
178 silly addNameRange     '0.5.14',
178 silly addNameRange     '0.5.15',
178 silly addNameRange     '0.5.16',
178 silly addNameRange     '0.5.17',
178 silly addNameRange     '0.6.0',
178 silly addNameRange     '0.6.1',
178 silly addNameRange     '0.6.2',
178 silly addNameRange     '0.6.3',
178 silly addNameRange     '0.6.5',
178 silly addNameRange     '0.6.6',
178 silly addNameRange     '0.6.8',
178 silly addNameRange     '0.6.9',
178 silly addNameRange     '0.6.11',
178 silly addNameRange     '0.6.13',
178 silly addNameRange     '0.6.14',
178 silly addNameRange     '0.6.15',
178 silly addNameRange     '0.6.16',
178 silly addNameRange     '0.6.17',
178 silly addNameRange     '0.6.18',
178 silly addNameRange     '0.6.19',
178 silly addNameRange     '0.6.20',
178 silly addNameRange     '0.7.0',
178 silly addNameRange     '0.7.1',
178 silly addNameRange     '0.7.2',
178 silly addNameRange     '0.7.3',
178 silly addNameRange     '0.7.4',
178 silly addNameRange     '0.7.5',
178 silly addNameRange     '0.7.6',
178 silly addNameRange     '0.7.8',
178 silly addNameRange     '0.7.10',
178 silly addNameRange     '0.7.11',
178 silly addNameRange     '0.7.13',
178 silly addNameRange     '0.7.15',
178 silly addNameRange     '0.7.16',
178 silly addNameRange     '0.7.17',
178 silly addNameRange     '0.7.18',
178 silly addNameRange     '0.7.19',
178 silly addNameRange     '0.7.20',
178 silly addNameRange     '0.7.21',
178 silly addNameRange     '0.7.22',
178 silly addNameRange     '0.7.23',
178 silly addNameRange     '0.7.24',
178 silly addNameRange     '0.7.26',
178 silly addNameRange     '0.7.27',
178 silly addNameRange     '0.7.28',
178 silly addNameRange     '0.7.29',
178 silly addNameRange     '0.7.30',
178 silly addNameRange     '0.7.31',
178 silly addNameRange     '0.7.32',
178 silly addNameRange     '0.7.33',
178 silly addNameRange     '0.7.34',
178 silly addNameRange     '0.7.35',
178 silly addNameRange     '0.7.36',
178 silly addNameRange     '0.7.37',
178 silly addNameRange     '0.7.38',
178 silly addNameRange     '0.7.39',
178 silly addNameRange     '0.7.40',
178 silly addNameRange     '0.7.41',
178 silly addNameRange     '0.7.42',
178 silly addNameRange     '0.7.43',
178 silly addNameRange     '0.7.44',
178 silly addNameRange     '0.7.45',
178 silly addNameRange     '0.7.46',
178 silly addNameRange     '0.7.47',
178 silly addNameRange     '0.7.48',
178 silly addNameRange     '0.7.49',
178 silly addNameRange     '0.7.50',
178 silly addNameRange     '0.7.51',
178 silly addNameRange     '0.7.52',
178 silly addNameRange     '0.7.54',
178 silly addNameRange     '0.7.55',
178 silly addNameRange     '0.7.56',
178 silly addNameRange     '0.8.0',
178 silly addNameRange     '0.8.1',
178 silly addNameRange     '0.8.2',
178 silly addNameRange     '0.8.3',
178 silly addNameRange     '0.8.4',
178 silly addNameRange     '0.8.5',
178 silly addNameRange     '0.8.6',
178 silly addNameRange     '0.8.7',
178 silly addNameRange     ... 167 more items ] ]
179 silly pickManifestFromRegistryMetadata spec >=0.10.6 <0.11.0 tag latest versions [ '0.1.5',
179 silly pickManifestFromRegistryMetadata   '0.1.6',
179 silly pickManifestFromRegistryMetadata   '0.1.7',
179 silly pickManifestFromRegistryMetadata   '0.1.901',
179 silly pickManifestFromRegistryMetadata   '0.1.911',
179 silly pickManifestFromRegistryMetadata   '0.1.950',
179 silly pickManifestFromRegistryMetadata   '0.2.0',
179 silly pickManifestFromRegistryMetadata   '0.2.1',
179 silly pickManifestFromRegistryMetadata   '0.2.2',
179 silly pickManifestFromRegistryMetadata   '0.2.3',
179 silly pickManifestFromRegistryMetadata   '0.2.4',
179 silly pickManifestFromRegistryMetadata   '0.3.0',
179 silly pickManifestFromRegistryMetadata   '0.5.0',
179 silly pickManifestFromRegistryMetadata   '0.5.2',
179 silly pickManifestFromRegistryMetadata   '0.5.5',
179 silly pickManifestFromRegistryMetadata   '0.5.91',
179 silly pickManifestFromRegistryMetadata   '0.5.95',
179 silly pickManifestFromRegistryMetadata   '0.5.97',
179 silly pickManifestFromRegistryMetadata   '0.5.10',
179 silly pickManifestFromRegistryMetadata   '0.5.11',
179 silly pickManifestFromRegistryMetadata   '0.5.14',
179 silly pickManifestFromRegistryMetadata   '0.5.15',
179 silly pickManifestFromRegistryMetadata   '0.5.16',
179 silly pickManifestFromRegistryMetadata   '0.5.17',
179 silly pickManifestFromRegistryMetadata   '0.6.0',
179 silly pickManifestFromRegistryMetadata   '0.6.1',
179 silly pickManifestFromRegistryMetadata   '0.6.2',
179 silly pickManifestFromRegistryMetadata   '0.6.3',
179 silly pickManifestFromRegistryMetadata   '0.6.5',
179 silly pickManifestFromRegistryMetadata   '0.6.6',
179 silly pickManifestFromRegistryMetadata   '0.6.8',
179 silly pickManifestFromRegistryMetadata   '0.6.9',
179 silly pickManifestFromRegistryMetadata   '0.6.11',
179 silly pickManifestFromRegistryMetadata   '0.6.13',
179 silly pickManifestFromRegistryMetadata   '0.6.14',
179 silly pickManifestFromRegistryMetadata   '0.6.15',
179 silly pickManifestFromRegistryMetadata   '0.6.16',
179 silly pickManifestFromRegistryMetadata   '0.6.17',
179 silly pickManifestFromRegistryMetadata   '0.6.18',
179 silly pickManifestFromRegistryMetadata   '0.6.19',
179 silly pickManifestFromRegistryMetadata   '0.6.20',
179 silly pickManifestFromRegistryMetadata   '0.7.0',
179 silly pickManifestFromRegistryMetadata   '0.7.1',
179 silly pickManifestFromRegistryMetadata   '0.7.2',
179 silly pickManifestFromRegistryMetadata   '0.7.3',
179 silly pickManifestFromRegistryMetadata   '0.7.4',
179 silly pickManifestFromRegistryMetadata   '0.7.5',
179 silly pickManifestFromRegistryMetadata   '0.7.6',
179 silly pickManifestFromRegistryMetadata   '0.7.8',
179 silly pickManifestFromRegistryMetadata   '0.7.10',
179 silly pickManifestFromRegistryMetadata   '0.7.11',
179 silly pickManifestFromRegistryMetadata   '0.7.13',
179 silly pickManifestFromRegistryMetadata   '0.7.15',
179 silly pickManifestFromRegistryMetadata   '0.7.16',
179 silly pickManifestFromRegistryMetadata   '0.7.17',
179 silly pickManifestFromRegistryMetadata   '0.7.18',
179 silly pickManifestFromRegistryMetadata   '0.7.19',
179 silly pickManifestFromRegistryMetadata   '0.7.20',
179 silly pickManifestFromRegistryMetadata   '0.7.21',
179 silly pickManifestFromRegistryMetadata   '0.7.22',
179 silly pickManifestFromRegistryMetadata   '0.7.23',
179 silly pickManifestFromRegistryMetadata   '0.7.24',
179 silly pickManifestFromRegistryMetadata   '0.7.26',
179 silly pickManifestFromRegistryMetadata   '0.7.27',
179 silly pickManifestFromRegistryMetadata   '0.7.28',
179 silly pickManifestFromRegistryMetadata   '0.7.29',
179 silly pickManifestFromRegistryMetadata   '0.7.30',
179 silly pickManifestFromRegistryMetadata   '0.7.31',
179 silly pickManifestFromRegistryMetadata   '0.7.32',
179 silly pickManifestFromRegistryMetadata   '0.7.33',
179 silly pickManifestFromRegistryMetadata   '0.7.34',
179 silly pickManifestFromRegistryMetadata   '0.7.35',
179 silly pickManifestFromRegistryMetadata   '0.7.36',
179 silly pickManifestFromRegistryMetadata   '0.7.37',
179 silly pickManifestFromRegistryMetadata   '0.7.38',
179 silly pickManifestFromRegistryMetadata   '0.7.39',
179 silly pickManifestFromRegistryMetadata   '0.7.40',
179 silly pickManifestFromRegistryMetadata   '0.7.41',
179 silly pickManifestFromRegistryMetadata   '0.7.42',
179 silly pickManifestFromRegistryMetadata   '0.7.43',
179 silly pickManifestFromRegistryMetadata   '0.7.44',
179 silly pickManifestFromRegistryMetadata   '0.7.45',
179 silly pickManifestFromRegistryMetadata   '0.7.46',
179 silly pickManifestFromRegistryMetadata   '0.7.47',
179 silly pickManifestFromRegistryMetadata   '0.7.48',
179 silly pickManifestFromRegistryMetadata   '0.7.49',
179 silly pickManifestFromRegistryMetadata   '0.7.50',
179 silly pickManifestFromRegistryMetadata   '0.7.51',
179 silly pickManifestFromRegistryMetadata   '0.7.52',
179 silly pickManifestFromRegistryMetadata   '0.7.54',
179 silly pickManifestFromRegistryMetadata   '0.7.55',
179 silly pickManifestFromRegistryMetadata   '0.7.56',
179 silly pickManifestFromRegistryMetadata   '0.8.0',
179 silly pickManifestFromRegistryMetadata   '0.8.1',
179 silly pickManifestFromRegistryMetadata   '0.8.2',
179 silly pickManifestFromRegistryMetadata   '0.8.3',
179 silly pickManifestFromRegistryMetadata   '0.8.4',
179 silly pickManifestFromRegistryMetadata   '0.8.5',
179 silly pickManifestFromRegistryMetadata   '0.8.6',
179 silly pickManifestFromRegistryMetadata   '0.8.7',
179 silly pickManifestFromRegistryMetadata   ... 167 more items ]
180 silly addNamed johnny-five@latest
181 verbose addNamed "latest" is being treated as a dist-tag for johnny-five
182 info addNameTag [ 'johnny-five', 'latest' ]
183 silly mapToRegistry name johnny-five
184 silly mapToRegistry using default registry
185 silly mapToRegistry registry https://registry.npmjs.org/
186 silly mapToRegistry data Result {
186 silly mapToRegistry   raw: 'johnny-five',
186 silly mapToRegistry   scope: null,
186 silly mapToRegistry   escapedName: 'johnny-five',
186 silly mapToRegistry   name: 'johnny-five',
186 silly mapToRegistry   rawSpec: '',
186 silly mapToRegistry   spec: 'latest',
186 silly mapToRegistry   type: 'tag' }
187 silly mapToRegistry uri https://registry.npmjs.org/johnny-five
188 verbose addNameTag registry:https://registry.npmjs.org/johnny-five already in flight; waiting
189 silly addNameTag next cb for johnny-five with tag latest
190 silly addNamed johnny-five@0.10.6
191 verbose addNamed "0.10.6" is a plain semver version for johnny-five
192 silly cache afterAdd johnny-five@0.10.6
193 verbose afterAdd C:\Users\User\AppData\Roaming\npm-cache\johnny-five\0.10.6\package\package.json not in flight; writing
194 verbose correctMkdir C:\Users\User\AppData\Roaming\npm-cache correctMkdir not in flight; initializing
195 verbose afterAdd C:\Users\User\AppData\Roaming\npm-cache\johnny-five\0.10.6\package\package.json written
196 silly rollbackFailedOptional Starting
197 silly rollbackFailedOptional Finishing
198 silly runTopLevelLifecycles Finishing
199 silly install printInstalled
200 verbose stack Error: Unsupported platform for chip-io@2.1.1: wanted {"name":"chip-io","version":"2.1.1","description":"Johnny-Five IO Plugin for the Next Thing Co. C.H.I.P.","main":"index.js","scripts":{"test":"jshint *.js lib/. examples/."},"repository":{"type":"git","url":"git+https://github.com/sandeepmistry/node-chip-io.git"},"keywords":["Next Thing Co.","C.H.I.P.","CHIP","johnny-five","io"],"author":{"name":"Sandeep Mistry","email":"sandeep.mistry@gmail.com"},"license":"MIT","bugs":{"url":"https://github.com/sandeepmistry/node-chip-io/issues"},"homepage":"https://github.com/sandeepmistry/node-chip-io#readme","devDependencies":{"johnny-five":"^0.9.17","jshint":"^2.9.1-rc2"},"dependencies":{"board-io":"^3.0.4","debug":"^2.2.0","ffi":"^2.0.0","i2c-bus":"^1.2.0","ref":"^1.3.2"},"os":["linux"],"gitHead":"b300272fee4fa67886dbbe36f7c208d3dd5b59ca","_id":"chip-io@2.1.1","_shasum":"5c7ad12bd40d8beda09dd21accec4268b084c5ba","_from":"chip-io@^2.1.1","_npmVersion":"2.15.5","_nodeVersion":"4.4.6","_npmUser":{"name":"sandeepmistry","email":"sandeep.mistry@gmail.com"},"maintainers":[{"name":"sandeepmistry","email":"sandeep.mistry@gmail.com"}],"dist":{"shasum":"5c7ad12bd40d8beda09dd21accec4268b084c5ba","tarball":"https://registry.npmjs.org/chip-io/-/chip-io-2.1.1.tgz"},"_npmOperationalInternal":{"host":"packages-18-east.internal.npmjs.com","tmp":"tmp/chip-io-2.1.1.tgz_1485303909498_0.5157472470309585"},"directories":{},"_resolved":"https://registry.npmjs.org/chip-io/-/chip-io-2.1.1.tgz","_requested":{"raw":"chip-io@^2.1.1","scope":null,"escapedName":"chip-io","name":"chip-io","rawSpec":"^2.1.1","spec":">=2.1.1 <3.0.0","type":"range"},"_spec":"chip-io@^2.1.1","_where":"S:\\projects\\github\\CHIP-control","_args":[[{"raw":"chip-io@^2.1.1","scope":null,"escapedName":"chip-io","name":"chip-io","rawSpec":"^2.1.1","spec":">=2.1.1 <3.0.0","type":"range"},"S:\\projects\\github\\CHIP-control"]],"readme":"ERROR: No README data found!"} (current: {"os":"win32","cpu":"x64"})
200 verbose stack     at checkPlatform (C:\Program Files\nodejs\node_modules\npm\node_modules\npm-install-checks\index.js:45:14)
200 verbose stack     at thenWarnEngineIssues (C:\Program Files\nodejs\node_modules\npm\lib\install\validate-args.js:41:5)
200 verbose stack     at C:\Program Files\nodejs\node_modules\npm\node_modules\iferr\index.js:13:50
200 verbose stack     at checkEngine (C:\Program Files\nodejs\node_modules\npm\node_modules\npm-install-checks\index.js:10:20)
200 verbose stack     at module.exports.isInstallable (C:\Program Files\nodejs\node_modules\npm\lib\install\validate-args.js:38:3)
200 verbose stack     at resolveWithNewModule (C:\Program Files\nodejs\node_modules\npm\lib\install\deps.js:523:10)
200 verbose stack     at C:\Program Files\nodejs\node_modules\npm\lib\install\deps.js:466:9
200 verbose stack     at C:\Program Files\nodejs\node_modules\npm\node_modules\iferr\index.js:13:50
200 verbose stack     at C:\Program Files\nodejs\node_modules\npm\lib\fetch-package-metadata.js:38:12
200 verbose stack     at addRequestedAndFinish (C:\Program Files\nodejs\node_modules\npm\lib\fetch-package-metadata.js:68:5)
201 verbose pkgid chip-io@2.1.1
202 verbose cwd S:\projects\github\CHIP-control
203 error Windows_NT 10.0.14393
204 error argv "C:\\Program Files\\nodejs\\node.exe" "C:\\Program Files\\nodejs\\node_modules\\npm\\bin\\npm-cli.js" "i"
205 error node v7.7.0
206 error npm  v4.1.2
207 error code EBADPLATFORM
208 error notsup Unsupported platform for chip-io@2.1.1: wanted {"os":"linux","arch":"any"} (current: {"os":"win32","arch":"x64"})
209 error notsup Valid OS:    linux
209 error notsup Valid Arch:  any
209 error notsup Actual OS:   win32
209 error notsup Actual Arch: x64
210 verbose exit [ 1, true ]
